<?xml version="1.0" encoding="UTF-8"?>
<!-- Generated by org.testng.reporters.JUnitXMLReporter -->
<testsuite hostname="DESKTOP-73BURMK" ignored="0" name="Test" tests="1" failures="0" timestamp="2020-01-24T02:32:32 IST" time="0.078" errors="0">
  <testcase name="@BeforeClass setup" time="-1.579813352755E9" classname="com.inetbanking.TestCases.BaseClass">
    <failure type="org.testng.TestNGException" message="
Parameter &amp;apos;browser&amp;apos; is required by BeforeClass on method setup but has not been marked @Optional or defined
in C:\Users\admin\eclipse-workspace\NetBanking_Hybrid_FW\testng.xml">
      <![CDATA[org.testng.TestNGException: 
Parameter 'browser' is required by BeforeClass on method setup but has not been marked @Optional or defined
in C:\Users\admin\eclipse-workspace\NetBanking_Hybrid_FW\testng.xml
at java.util.ArrayList.forEach(Unknown Source)
... Removed 22 stack frames]]>
    </failure>
  </testcase> <!-- @BeforeClass setup -->
  <testcase name="@AfterClass tearDown" time="-1.579813352802E9" classname="com.inetbanking.TestCases.BaseClass">
    <skipped/>
  </testcase> <!-- @AfterClass tearDown -->
  <testcase name="loginTest" time="0.0" classname="com.inetbanking.TestCases.Login_Test001">
    <skipped/>
  </testcase> <!-- loginTest -->
</testsuite> <!-- Test -->
